build/app/intermediates/manifest_merge_blame_file/debug/manifest-merger-blame-debug-report.txt
1<?xml version="1.0" encoding="utf-8"?>
2<manifest xmlns:android="http://schemas.android.com/apk/res/android"
3    package="com.example.getdatafirebasestorage"
4    android:versionCode="1"
5    android:versionName="1.0.0" >
6
7    <uses-sdk
8        android:minSdkVersion="21"
9        android:targetSdkVersion="33" />
10    <!--
11         The INTERNET permission is required for development. Specifically,
12         the Flutter tool needs it to communicate with the running application
13         to allow setting breakpoints, to provide hot reload, etc.
14    -->
15    <uses-permission android:name="android.permission.INTERNET" />
15-->src/main/AndroidManifest.xml:4:5-66
15-->src/main/AndroidManifest.xml:4:22-64
16    <uses-permission android:name="android.permission.READ_EXTERNAL_STORAGE" />
16-->src/main/AndroidManifest.xml:5:5-79
16-->src/main/AndroidManifest.xml:5:22-77
17    <uses-permission android:name="android.permission.WRITE_EXTERNAL_STORAGE" />
17-->src/main/AndroidManifest.xml:6:5-80
17-->src/main/AndroidManifest.xml:6:22-78
18
19    <queries>
19-->[:file_picker] AndroidManifest.xml:11:5-17:15
20        <intent>
20-->[:file_picker] AndroidManifest.xml:12:9-16:18
21            <action android:name="android.intent.action.GET_CONTENT" />
21-->[:file_picker] AndroidManifest.xml:13:13-72
21-->[:file_picker] AndroidManifest.xml:13:21-69
22
23            <data android:mimeType="*/*" />
23-->[:file_picker] AndroidManifest.xml:15:13-44
23-->[:file_picker] AndroidManifest.xml:15:19-41
24        </intent>
25    </queries> <!-- Although the *SdkVersion is captured in gradle build files, this is required for non gradle builds -->
26    <!-- <uses-sdk android:minSdkVersion="14" /> -->
27    <uses-permission android:name="android.permission.ACCESS_NETWORK_STATE" />
27-->[com.google.firebase:firebase-firestore:24.6.1] AndroidManifest.xml:12:5-79
27-->[com.google.firebase:firebase-firestore:24.6.1] AndroidManifest.xml:12:22-76
28    <uses-permission android:name="android.permission.WAKE_LOCK" />
28-->[com.google.android.gms:play-services-measurement-api:21.3.0] AndroidManifest.xml:24:5-68
28-->[com.google.android.gms:play-services-measurement-api:21.3.0] AndroidManifest.xml:24:22-65
29    <uses-permission android:name="com.google.android.gms.permission.AD_ID" />
29-->[com.google.android.gms:play-services-measurement-api:21.3.0] AndroidManifest.xml:25:5-79
29-->[com.google.android.gms:play-services-measurement-api:21.3.0] AndroidManifest.xml:25:22-76
30    <uses-permission android:name="com.google.android.finsky.permission.BIND_GET_INSTALL_REFERRER_SERVICE" />
30-->[com.google.android.gms:play-services-measurement:21.3.0] AndroidManifest.xml:26:5-110
30-->[com.google.android.gms:play-services-measurement:21.3.0] AndroidManifest.xml:26:22-107
31
32    <application
33        android:name="android.app.Application"
34        android:appComponentFactory="androidx.core.app.CoreComponentFactory"
34-->[androidx.core:core:1.6.0] AndroidManifest.xml:24:18-86
35        android:debuggable="true"
36        android:icon="@mipmap/ic_launcher"
37        android:label="getdatafirebasestorage" >
38        <activity
39            android:name="com.example.getdatafirebasestorage.MainActivity"
40            android:configChanges="orientation|keyboardHidden|keyboard|screenSize|smallestScreenSize|locale|layoutDirection|fontScale|screenLayout|density|uiMode"
41            android:exported="true"
42            android:hardwareAccelerated="true"
43            android:launchMode="singleTop"
44            android:theme="@style/LaunchTheme"
45            android:windowSoftInputMode="adjustResize" >
46
47            <!--
48                 Specifies an Android theme to apply to this Activity as soon as
49                 the Android process has started. This theme is visible to the user
50                 while the Flutter UI initializes. After that, this theme continues
51                 to determine the Window background behind the Flutter UI.
52            -->
53            <meta-data
54                android:name="io.flutter.embedding.android.NormalTheme"
55                android:resource="@style/NormalTheme" />
56
57            <intent-filter>
58                <action android:name="android.intent.action.MAIN" />
59
60                <category android:name="android.intent.category.LAUNCHER" />
61            </intent-filter>
62        </activity>
63        <!--
64             Don't delete the meta-data below.
65             This is used by the Flutter tool to generate GeneratedPluginRegistrant.java
66        -->
67        <meta-data
68            android:name="flutterEmbedding"
69            android:value="2" />
70
71        <service
71-->[:firebase_storage] AndroidManifest.xml:10:9-14:19
72            android:name="com.google.firebase.components.ComponentDiscoveryService"
72-->[:firebase_storage] AndroidManifest.xml:10:18-89
73            android:directBootAware="true"
73-->[com.google.firebase:firebase-common:20.3.2] AndroidManifest.xml:34:13-43
74            android:exported="false" >
74-->[com.google.firebase:firebase-analytics-ktx:21.3.0] AndroidManifest.xml:10:13-37
75            <meta-data
75-->[:firebase_storage] AndroidManifest.xml:11:13-13:85
76                android:name="com.google.firebase.components:io.flutter.plugins.firebase.storage.FlutterFirebaseAppRegistrar"
76-->[:firebase_storage] AndroidManifest.xml:12:17-126
77                android:value="com.google.firebase.components.ComponentRegistrar" />
77-->[:firebase_storage] AndroidManifest.xml:13:17-82
78            <meta-data
78-->[:cloud_firestore] AndroidManifest.xml:11:13-13:85
79                android:name="com.google.firebase.components:io.flutter.plugins.firebase.firestore.FlutterFirebaseFirestoreRegistrar"
79-->[:cloud_firestore] AndroidManifest.xml:12:17-134
80                android:value="com.google.firebase.components.ComponentRegistrar" />
80-->[:cloud_firestore] AndroidManifest.xml:13:17-82
81            <meta-data
81-->[:firebase_core] AndroidManifest.xml:11:13-13:85
82                android:name="com.google.firebase.components:io.flutter.plugins.firebase.core.FlutterFirebaseCoreRegistrar"
82-->[:firebase_core] AndroidManifest.xml:12:17-124
83                android:value="com.google.firebase.components.ComponentRegistrar" />
83-->[:firebase_core] AndroidManifest.xml:13:17-82
84            <meta-data
84-->[com.google.firebase:firebase-analytics-ktx:21.3.0] AndroidManifest.xml:11:13-13:85
85                android:name="com.google.firebase.components:com.google.firebase.analytics.ktx.FirebaseAnalyticsKtxRegistrar"
85-->[com.google.firebase:firebase-analytics-ktx:21.3.0] AndroidManifest.xml:12:17-126
86                android:value="com.google.firebase.components.ComponentRegistrar" />
86-->[com.google.firebase:firebase-analytics-ktx:21.3.0] AndroidManifest.xml:13:17-82
87            <meta-data
87-->[com.google.firebase:firebase-common-ktx:20.3.2] AndroidManifest.xml:14:13-16:85
88                android:name="com.google.firebase.components:com.google.firebase.ktx.FirebaseCommonKtxRegistrar"
88-->[com.google.firebase:firebase-common-ktx:20.3.2] AndroidManifest.xml:15:17-113
89                android:value="com.google.firebase.components.ComponentRegistrar" />
89-->[com.google.firebase:firebase-common-ktx:20.3.2] AndroidManifest.xml:16:17-82
90            <meta-data
90-->[com.google.firebase:firebase-firestore:24.6.1] AndroidManifest.xml:19:13-21:85
91                android:name="com.google.firebase.components:com.google.firebase.firestore.FirestoreRegistrar"
91-->[com.google.firebase:firebase-firestore:24.6.1] AndroidManifest.xml:20:17-111
92                android:value="com.google.firebase.components.ComponentRegistrar" />
92-->[com.google.firebase:firebase-firestore:24.6.1] AndroidManifest.xml:21:17-82
93            <meta-data
93-->[com.google.firebase:firebase-storage:20.2.0] AndroidManifest.xml:32:13-34:85
94                android:name="com.google.firebase.components:com.google.firebase.storage.StorageRegistrar"
94-->[com.google.firebase:firebase-storage:20.2.0] AndroidManifest.xml:33:17-107
95                android:value="com.google.firebase.components.ComponentRegistrar" />
95-->[com.google.firebase:firebase-storage:20.2.0] AndroidManifest.xml:34:17-82
96            <meta-data
96-->[com.google.android.gms:play-services-measurement-api:21.3.0] AndroidManifest.xml:31:13-33:85
97                android:name="com.google.firebase.components:com.google.firebase.analytics.connector.internal.AnalyticsConnectorRegistrar"
97-->[com.google.android.gms:play-services-measurement-api:21.3.0] AndroidManifest.xml:32:17-139
98                android:value="com.google.firebase.components.ComponentRegistrar" />
98-->[com.google.android.gms:play-services-measurement-api:21.3.0] AndroidManifest.xml:33:17-82
99            <meta-data
99-->[com.google.firebase:firebase-installations:17.1.3] AndroidManifest.xml:17:13-19:85
100                android:name="com.google.firebase.components:com.google.firebase.installations.FirebaseInstallationsRegistrar"
100-->[com.google.firebase:firebase-installations:17.1.3] AndroidManifest.xml:18:17-127
101                android:value="com.google.firebase.components.ComponentRegistrar" />
101-->[com.google.firebase:firebase-installations:17.1.3] AndroidManifest.xml:19:17-82
102        </service>
103
104        <uses-library
104-->[androidx.window:window:1.0.0-beta04] AndroidManifest.xml:25:9-27:40
105            android:name="androidx.window.extensions"
105-->[androidx.window:window:1.0.0-beta04] AndroidManifest.xml:26:13-54
106            android:required="false" />
106-->[androidx.window:window:1.0.0-beta04] AndroidManifest.xml:27:13-37
107        <uses-library
107-->[androidx.window:window:1.0.0-beta04] AndroidManifest.xml:28:9-30:40
108            android:name="androidx.window.sidecar"
108-->[androidx.window:window:1.0.0-beta04] AndroidManifest.xml:29:13-51
109            android:required="false" />
109-->[androidx.window:window:1.0.0-beta04] AndroidManifest.xml:30:13-37
110
111        <provider
111-->[com.google.firebase:firebase-common:20.3.2] AndroidManifest.xml:25:9-30:39
112            android:name="com.google.firebase.provider.FirebaseInitProvider"
112-->[com.google.firebase:firebase-common:20.3.2] AndroidManifest.xml:26:13-77
113            android:authorities="com.example.getdatafirebasestorage.firebaseinitprovider"
113-->[com.google.firebase:firebase-common:20.3.2] AndroidManifest.xml:27:13-72
114            android:directBootAware="true"
114-->[com.google.firebase:firebase-common:20.3.2] AndroidManifest.xml:28:13-43
115            android:exported="false"
115-->[com.google.firebase:firebase-common:20.3.2] AndroidManifest.xml:29:13-37
116            android:initOrder="100" />
116-->[com.google.firebase:firebase-common:20.3.2] AndroidManifest.xml:30:13-36
117
118        <activity
118-->[com.google.android.gms:play-services-base:18.0.1] AndroidManifest.xml:20:9-22:45
119            android:name="com.google.android.gms.common.api.GoogleApiActivity"
119-->[com.google.android.gms:play-services-base:18.0.1] AndroidManifest.xml:20:19-85
120            android:exported="false"
120-->[com.google.android.gms:play-services-base:18.0.1] AndroidManifest.xml:22:19-43
121            android:theme="@android:style/Theme.Translucent.NoTitleBar" />
121-->[com.google.android.gms:play-services-base:18.0.1] AndroidManifest.xml:21:19-78
122
123        <receiver
123-->[com.google.android.gms:play-services-measurement:21.3.0] AndroidManifest.xml:29:9-33:20
124            android:name="com.google.android.gms.measurement.AppMeasurementReceiver"
124-->[com.google.android.gms:play-services-measurement:21.3.0] AndroidManifest.xml:30:13-85
125            android:enabled="true"
125-->[com.google.android.gms:play-services-measurement:21.3.0] AndroidManifest.xml:31:13-35
126            android:exported="false" >
126-->[com.google.android.gms:play-services-measurement:21.3.0] AndroidManifest.xml:32:13-37
127        </receiver>
128
129        <service
129-->[com.google.android.gms:play-services-measurement:21.3.0] AndroidManifest.xml:35:9-38:40
130            android:name="com.google.android.gms.measurement.AppMeasurementService"
130-->[com.google.android.gms:play-services-measurement:21.3.0] AndroidManifest.xml:36:13-84
131            android:enabled="true"
131-->[com.google.android.gms:play-services-measurement:21.3.0] AndroidManifest.xml:37:13-35
132            android:exported="false" />
132-->[com.google.android.gms:play-services-measurement:21.3.0] AndroidManifest.xml:38:13-37
133        <service
133-->[com.google.android.gms:play-services-measurement:21.3.0] AndroidManifest.xml:39:9-43:72
134            android:name="com.google.android.gms.measurement.AppMeasurementJobService"
134-->[com.google.android.gms:play-services-measurement:21.3.0] AndroidManifest.xml:40:13-87
135            android:enabled="true"
135-->[com.google.android.gms:play-services-measurement:21.3.0] AndroidManifest.xml:41:13-35
136            android:exported="false"
136-->[com.google.android.gms:play-services-measurement:21.3.0] AndroidManifest.xml:42:13-37
137            android:permission="android.permission.BIND_JOB_SERVICE" />
137-->[com.google.android.gms:play-services-measurement:21.3.0] AndroidManifest.xml:43:13-69
138
139        <meta-data
139-->[com.google.android.gms:play-services-basement:18.1.0] AndroidManifest.xml:21:9-23:69
140            android:name="com.google.android.gms.version"
140-->[com.google.android.gms:play-services-basement:18.1.0] AndroidManifest.xml:22:13-58
141            android:value="@integer/google_play_services_version" />
141-->[com.google.android.gms:play-services-basement:18.1.0] AndroidManifest.xml:23:13-66
142    </application>
143
144</manifest>